0 info it worked if it ends with ok
1 verbose cli [ 'F:\\node.js\\node.exe',
1 verbose cli   'C:\\Users\\lenovo\\AppData\\Roaming\\npm\\node_modules\\npm\\bin\\npm-cli.js',
1 verbose cli   'run',
1 verbose cli   'go' ]
2 info using npm@4.0.2
3 info using node@v4.4.7
4 verbose run-script [ 'prego', 'go', 'postgo' ]
5 info lifecycle committool@1.0.0~prego: committool@1.0.0
6 silly lifecycle committool@1.0.0~prego: no script for prego, continuing
7 info lifecycle committool@1.0.0~go: committool@1.0.0
8 verbose lifecycle committool@1.0.0~go: unsafe-perm in lifecycle true
9 verbose lifecycle committool@1.0.0~go: PATH: C:\Users\lenovo\AppData\Roaming\npm\node_modules\npm\bin\node-gyp-bin;E:\myGit\FrontEnd-Learning\node_modules\.bin;C:\Users\lenovo\bin;C:\Program Files\Git\mingw64\bin;C:\Program Files\Git\usr\local\bin;C:\Program Files\Git\usr\bin;C:\Program Files\Git\usr\bin;C:\Program Files\Git\mingw64\bin;C:\Program Files\Git\usr\bin;C:\Users\lenovo\bin;C:\Program Files (x86)\Lenovo\FusionEngine;C:\Program Files (x86)\Intel\iCLS Client;C:\Program Files\Intel\iCLS Client;C:\WINDOWS\system32;C:\WINDOWS;C:\WINDOWS\System32\Wbem;C:\WINDOWS\System32\WindowsPowerShell\v1.0;C:\Program Files (x86)\ATI Technologies\ATI.ACE\Core-Static;C:\Program Files\Intel\Intel(R) Management Engine Components\DAL;C:\Program Files (x86)\Intel\Intel(R) Management Engine Components\DAL;C:\Program Files\Intel\Intel(R) Management Engine Components\IPT;C:\Program Files (x86)\Intel\Intel(R) Management Engine Components\IPT;C:\Program Files\Intel\WiFi\bin;C:\Program Files\Common Files\Intel\WirelessCommon;C:\Program Files (x86)\Common Files\lenovo\easyplussdk\bin;C:\Program Files (x86)\Lenovo\Lenovo Home;C:\Program Files\Java\jdk1.7.0_79\bin;C:\Program Files\Java\jdk1.7.0_79\jre\bin;C:\Program Files\Java\jdk1.7.0_79\bin;C:\Program Files\Git\cmd;F:\node.js;F:\backEnd\server\apache-tomcat-7.0.70\lib;F:\backEnd\server\apache-tomcat-7.0.70\bin;F:\backEnd\server\apache-maven-3.3.9\bin;E:\MongoDB\Server\3.4\bin;D:\MinGW\bin;C:\Ruby23-x64\bin;C:\Users\lenovo\bin\Sencha\Cmd;C:\Users\lenovo\AppData\Local\atom\bin;C:\Users\lenovo\AppData\Roaming\npm;C:\Users\lenovo\AppData\Local\Microsoft\WindowsApps;C:\Program Files\Git\usr\bin\vendor_perl;C:\Program Files\Git\usr\bin\core_perl
10 verbose lifecycle committool@1.0.0~go: CWD: E:\myGit\FrontEnd-Learning
11 silly lifecycle committool@1.0.0~go: Args: [ '/d /s /c',
11 silly lifecycle   'npm run add && npm run hadCommit && npm run push' ]
12 silly lifecycle committool@1.0.0~go: Returned: code: 1  signal: null
13 info lifecycle committool@1.0.0~go: Failed to exec go script
14 verbose stack Error: committool@1.0.0 go: `npm run add && npm run hadCommit && npm run push`
14 verbose stack Exit status 1
14 verbose stack     at EventEmitter.<anonymous> (C:\Users\lenovo\AppData\Roaming\npm\node_modules\npm\lib\utils\lifecycle.js:279:16)
14 verbose stack     at emitTwo (events.js:87:13)
14 verbose stack     at EventEmitter.emit (events.js:172:7)
14 verbose stack     at ChildProcess.<anonymous> (C:\Users\lenovo\AppData\Roaming\npm\node_modules\npm\lib\utils\spawn.js:40:14)
14 verbose stack     at emitTwo (events.js:87:13)
14 verbose stack     at ChildProcess.emit (events.js:172:7)
14 verbose stack     at maybeClose (internal/child_process.js:827:16)
14 verbose stack     at Process.ChildProcess._handle.onexit (internal/child_process.js:211:5)
15 verbose pkgid committool@1.0.0
16 verbose cwd E:\myGit\FrontEnd-Learning
17 error Windows_NT 10.0.14393
18 error argv "F:\\node.js\\node.exe" "C:\\Users\\lenovo\\AppData\\Roaming\\npm\\node_modules\\npm\\bin\\npm-cli.js" "run" "go"
19 error node v4.4.7
20 error npm  v4.0.2
21 error code ELIFECYCLE
22 error committool@1.0.0 go: `npm run add && npm run hadCommit && npm run push`
22 error Exit status 1
23 error Failed at the committool@1.0.0 go script 'npm run add && npm run hadCommit && npm run push'.
23 error Make sure you have the latest version of node.js and npm installed.
23 error If you do, this is most likely a problem with the committool package,
23 error not with npm itself.
23 error Tell the author that this fails on your system:
23 error     npm run add && npm run hadCommit && npm run push
23 error You can get information on how to open an issue for this project with:
23 error     npm bugs committool
23 error Or if that isn't available, you can get their info via:
23 error     npm owner ls committool
23 error There is likely additional logging output above.
24 verbose exit [ 1, true ]
